#
# A fatal error has been detected by the Java Runtime Environment:
#
#  Internal Error (javaCalls.cpp:51), pid=5860, tid=0x000000000000128c
#  guarantee(thread->is_Java_thread()) failed: crucial check - the VM thread cannot and must not escape to Java code
#
# JRE version: Java(TM) SE Runtime Environment (8.0_271-b09) (build 1.8.0_271-b09)
# Java VM: Java HotSpot(TM) 64-Bit Server VM (25.271-b09 mixed mode windows-amd64 compressed oops)
# Failed to write core dump. Minidumps are not enabled by default on client versions of Windows
#
# If you would like to submit a bug report, please visit:
#   http://bugreport.java.com/bugreport/crash.jsp
#

---------------  T H R E A D  ---------------

Current thread (0x000001b0521ce000):  VMThread [stack: 0x00000077fe700000,0x00000077fe800000] [id=4748]

Stack: [0x00000077fe700000,0x00000077fe800000]
Native frames: (J=compiled Java code, j=interpreted, Vv=VM code, C=native code)
V  [jvm.dll+0x33f6c9]
V  [jvm.dll+0x286122]
V  [jvm.dll+0x286dcd]
V  [jvm.dll+0x27d787]
V  [jvm.dll+0x21b9fd]
V  [jvm.dll+0x21c047]
V  [jvm.dll+0x33f5e2]
V  [jvm.dll+0x21c671]
V  [jvm.dll+0x27e9d5]
V  [jvm.dll+0x27ec1d]
V  [jvm.dll+0x27ed69]
V  [jvm.dll+0x11b2e8]
V  [jvm.dll+0x11a8d8]
V  [jvm.dll+0x118c15]
V  [jvm.dll+0x119683]
V  [jvm.dll+0x116bea]
V  [jvm.dll+0x115d7a]
V  [jvm.dll+0xdd69b]
V  [jvm.dll+0xde133]
V  [jvm.dll+0x122b84]
V  [jvm.dll+0x145e40]
V  [jvm.dll+0x1c9df1]
V  [jvm.dll+0x256557]
V  [jvm.dll+0x254cc5]
V  [jvm.dll+0x25543c]
V  [jvm.dll+0x25574c]
V  [jvm.dll+0x2a2dcc]
C  [ucrtbase.dll+0x210b2]
C  [KERNEL32.DLL+0x17c24]
C  [ntdll.dll+0x6d4d1]

VM_Operation (0x00000077fecff790): GetOrSetLocal, mode: safepoint, requested by thread 0x000001b052e61800


---------------  P R O C E S S  ---------------

Java Threads: ( => current thread )
  0x000001b05458b800 JavaThread "Service Thread" daemon [_thread_blocked, id=6992, stack(0x00000077ff300000,0x00000077ff400000)]
  0x000001b0544e6000 JavaThread "C1 CompilerThread3" daemon [_thread_blocked, id=10152, stack(0x00000077ff200000,0x00000077ff300000)]
  0x000001b0544e5800 JavaThread "C2 CompilerThread2" daemon [_thread_blocked, id=8440, stack(0x00000077ff100000,0x00000077ff200000)]
  0x000001b0544df000 JavaThread "C2 CompilerThread1" daemon [_thread_blocked, id=2768, stack(0x00000077ff000000,0x00000077ff100000)]
  0x000001b0544de000 JavaThread "C2 CompilerThread0" daemon [_thread_blocked, id=3516, stack(0x00000077fef00000,0x00000077ff000000)]
  0x000001b052e6e000 JavaThread "JDWP Command Reader" daemon [_thread_in_native, id=2340, stack(0x00000077fee00000,0x00000077fef00000)]
  0x000001b052e67000 JavaThread "JDWP Event Helper Thread" daemon [_thread_blocked, id=668, stack(0x00000077fed00000,0x00000077fee00000)]
  0x000001b052e61800 JavaThread "JDWP Transport Listener: dt_socket" daemon [_thread_blocked, id=9720, stack(0x00000077fec00000,0x00000077fed00000)]
  0x000001b052e3b800 JavaThread "Attach Listener" daemon [_thread_blocked, id=6764, stack(0x00000077feb00000,0x00000077fec00000)]
  0x000001b052dee000 JavaThread "Signal Dispatcher" daemon [_thread_blocked, id=8564, stack(0x00000077fea00000,0x00000077feb00000)]
  0x000001b052dc1000 JavaThread "Finalizer" daemon [_thread_blocked, id=8324, stack(0x00000077fe900000,0x00000077fea00000)]
  0x000001b052d97800 JavaThread "Reference Handler" daemon [_thread_blocked, id=6036, stack(0x00000077fe800000,0x00000077fe900000)]
  0x000001b037739000 JavaThread "main" [_thread_blocked, id=4356, stack(0x00000077fde00000,0x00000077fdf00000)]

Other Threads:
=>0x000001b0521ce000 VMThread [stack: 0x00000077fe700000,0x00000077fe800000] [id=4748]
  0x000001b0545ed000 WatcherThread [stack: 0x00000077ff400000,0x00000077ff500000] [id=5708]

VM state:at safepoint (normal execution)

VM Mutex/Monitor currently owned by a thread:  ([mutex/lock_event])
[0x000001b0377365c0] Threads_lock - owner thread: 0x000001b0521ce000

heap address: 0x00000006c1000000, size: 4080 MB, Compressed Oops mode: Zero based, Oop shift amount: 3
Narrow klass base: 0x0000000000000000, Narrow klass shift: 3
Compressed class space size: 1073741824 Address: 0x00000007c0000000

Heap:
 PSYoungGen      total 76288K, used 7872K [0x000000076b000000, 0x0000000770500000, 0x00000007c0000000)
  eden space 65536K, 12% used [0x000000076b000000,0x000000076b7b0088,0x000000076f000000)
  from space 10752K, 0% used [0x000000076fa80000,0x000000076fa80000,0x0000000770500000)
  to   space 10752K, 0% used [0x000000076f000000,0x000000076f000000,0x000000076fa80000)
 ParOldGen       total 175104K, used 0K [0x00000006c1000000, 0x00000006cbb00000, 0x000000076b000000)
  object space 175104K, 0% used [0x00000006c1000000,0x00000006c1000000,0x00000006cbb00000)
 Metaspace       used 4919K, capacity 5010K, committed 5248K, reserved 1056768K
  class space    used 529K, capacity 561K, committed 640K, reserved 1048576K

Card table byte_map: [0x000001b048400000,0x000001b048c00000] byte_map_base: 0x000001b044df8000

Marking Bits: (ParMarkBitMap*) 0x0000000060297fe0
 Begin Bits: [0x000001b049150000, 0x000001b04d110000)
 End Bits:   [0x000001b04d110000, 0x000001b0510d0000)

Polling page: 0x000001b0376d0000

CodeCache: size=245760Kb used=1348Kb max_used=1348Kb free=244411Kb
 bounds [0x000001b039040000, 0x000001b0392b0000, 0x000001b048040000]
 total_blobs=408 nmethods=120 adapters=209
 compilation: enabled

Compilation events (10 events):
Event: 0.233 Thread 0x000001b0544e6000  116       3       sun.nio.cs.ext.DoubleByte$Encoder::encodeChar (21 bytes)
Event: 0.233 Thread 0x000001b0544e6000 nmethod 116 0x000001b039189290 code [0x000001b039189400, 0x000001b0391895b8]
Event: 0.233 Thread 0x000001b0544e6000  115       1       java.nio.Buffer::limit (5 bytes)
Event: 0.233 Thread 0x000001b0544e6000 nmethod 115 0x000001b039188fd0 code [0x000001b039189120, 0x000001b039189238]
Event: 35.655 Thread 0x000001b0544e6000  118       3       org.eclipse.jdt.launching.internal.org.objectweb.asm.ClassReader::readUnsignedShort (26 bytes)
Event: 35.656 Thread 0x000001b0544e6000 nmethod 118 0x000001b039188bd0 code [0x000001b039188d20, 0x000001b039188ed8]
Event: 305.231 Thread 0x000001b0544e6000  119       3       org.eclipse.jdt.launching.internal.org.objectweb.asm.ClassReader::readUtf (44 bytes)
Event: 305.232 Thread 0x000001b0544e6000 nmethod 119 0x000001b039191a50 code [0x000001b039191be0, 0x000001b039192090]
Event: 2403.913 Thread 0x000001b0544e6000  120       3       org.eclipse.jdt.launching.internal.org.objectweb.asm.ClassReader::getItem (7 bytes)
Event: 2403.913 Thread 0x000001b0544e6000 nmethod 120 0x000001b039188810 code [0x000001b039188960, 0x000001b039188ad8]

GC Heap History (0 events):
No events

Deoptimization events (0 events):
No events

Classes redefined (4 events):
Event: 35.656 Thread 0x000001b0521ce000 redefined class name=Week2.week10, count=1
Event: 151.203 Thread 0x000001b0521ce000 redefined class name=Week2.week10, count=2
Event: 305.232 Thread 0x000001b0521ce000 redefined class name=Week2.week10, count=3
Event: 2403.914 Thread 0x000001b0521ce000 redefined class name=Week2.week10, count=4

Internal exceptions (2 events):
Event: 0.023 Thread 0x000001b037739000 Exception <a 'java/lang/NoSuchMethodError': Method sun.misc.Unsafe.defineClass(Ljava/lang/String;[BII)Ljava/lang/Class; name or signature does not match> (0x000000076b007cc0) thrown at [C:\jenkins\workspace\8-2-build-windows-amd64-cygwin\jdk8u271\605\hots
Event: 0.023 Thread 0x000001b037739000 Exception <a 'java/lang/NoSuchMethodError': Method sun.misc.Unsafe.prefetchRead(Ljava/lang/Object;J)V name or signature does not match> (0x000000076b007fa8) thrown at [C:\jenkins\workspace\8-2-build-windows-amd64-cygwin\jdk8u271\605\hotspot\src\share\vm\p

Events (10 events):
Event: 2403.914 Executing VM operation: RedefineClasses done
Event: 2403.920 Executing VM operation: ChangeBreakpoints
Event: 2403.920 Executing VM operation: ChangeBreakpoints done
Event: 2403.920 Executing VM operation: ChangeBreakpoints
Event: 2403.920 Executing VM operation: ChangeBreakpoints done
Event: 2404.039 Executing VM operation: GetOwnedMonitorInfo
Event: 2404.039 Executing VM operation: GetOwnedMonitorInfo done
Event: 2404.040 Executing VM operation: GetCurrentContendedMonitor
Event: 2404.040 Executing VM operation: GetCurrentContendedMonitor done
Event: 3830.240 Executing VM operation: GetOrSetLocal


Dynamic libraries:
0x00007ff64b7b0000 - 0x00007ff64b7f7000 	C:\Program Files\Java\jre1.8.0_271\bin\javaw.exe
0x00007ffd30e80000 - 0x00007ffd31070000 	C:\WINDOWS\SYSTEM32\ntdll.dll
0x00007ffd2fa40000 - 0x00007ffd2faf2000 	C:\WINDOWS\System32\KERNEL32.DLL
0x00007ffd2eae0000 - 0x00007ffd2ed85000 	C:\WINDOWS\System32\KERNELBASE.dll
0x00007ffd2f0b0000 - 0x00007ffd2f153000 	C:\WINDOWS\System32\ADVAPI32.dll
0x00007ffd308a0000 - 0x00007ffd3093e000 	C:\WINDOWS\System32\msvcrt.dll
0x00007ffd2f010000 - 0x00007ffd2f0a7000 	C:\WINDOWS\System32\sechost.dll
0x00007ffd2f160000 - 0x00007ffd2f280000 	C:\WINDOWS\System32\RPCRT4.dll
0x00007ffd2fb30000 - 0x00007ffd2fcc4000 	C:\WINDOWS\System32\USER32.dll
0x00007ffd2eeb0000 - 0x00007ffd2eed1000 	C:\WINDOWS\System32\win32u.dll
0x00007ffd30e10000 - 0x00007ffd30e36000 	C:\WINDOWS\System32\GDI32.dll
0x00007ffd2e640000 - 0x00007ffd2e7d6000 	C:\WINDOWS\System32\gdi32full.dll
0x00007ffd2e930000 - 0x00007ffd2e9ce000 	C:\WINDOWS\System32\msvcp_win.dll
0x00007ffd2edb0000 - 0x00007ffd2eeaa000 	C:\WINDOWS\System32\ucrtbase.dll
0x00007ffd24030000 - 0x00007ffd242b4000 	C:\WINDOWS\WinSxS\amd64_microsoft.windows.common-controls_6595b64144ccf1df_6.0.18362.1256_none_9e7e379be45e40e2\COMCTL32.dll
0x00007ffd2f700000 - 0x00007ffd2fa36000 	C:\WINDOWS\System32\combase.dll
0x00007ffd2de20000 - 0x00007ffd2dea1000 	C:\WINDOWS\System32\bcryptPrimitives.dll
0x00007ffd2fb00000 - 0x00007ffd2fb2e000 	C:\WINDOWS\System32\IMM32.DLL
0x00007ffd1d6d0000 - 0x00007ffd1d6e5000 	C:\Program Files\Java\jre1.8.0_271\bin\vcruntime140.dll
0x00007ffd199e0000 - 0x00007ffd19a7b000 	C:\Program Files\Java\jre1.8.0_271\bin\msvcp140.dll
0x000000005faa0000 - 0x000000006030f000 	C:\Program Files\Java\jre1.8.0_271\bin\server\jvm.dll
0x00007ffd2f280000 - 0x00007ffd2f288000 	C:\WINDOWS\System32\PSAPI.DLL
0x00007ffd2b8e0000 - 0x00007ffd2b904000 	C:\WINDOWS\SYSTEM32\WINMM.dll
0x00007ffd28c70000 - 0x00007ffd28c7a000 	C:\WINDOWS\SYSTEM32\VERSION.dll
0x00007ffd1c1a0000 - 0x00007ffd1c1a9000 	C:\WINDOWS\SYSTEM32\WSOCK32.dll
0x00007ffd2f4d0000 - 0x00007ffd2f53f000 	C:\WINDOWS\System32\WS2_32.dll
0x00007ffd2b8b0000 - 0x00007ffd2b8dd000 	C:\WINDOWS\SYSTEM32\WINMMBASE.dll
0x00007ffd2eee0000 - 0x00007ffd2ef2a000 	C:\WINDOWS\System32\cfgmgr32.dll
0x00007ffd2dd30000 - 0x00007ffd2dd41000 	C:\WINDOWS\System32\kernel.appcore.dll
0x00007ffd2a630000 - 0x00007ffd2a640000 	C:\Program Files\Java\jre1.8.0_271\bin\verify.dll
0x00007ffd1ce20000 - 0x00007ffd1ce4b000 	C:\Program Files\Java\jre1.8.0_271\bin\java.dll
0x00007ffd1a640000 - 0x00007ffd1a676000 	C:\Program Files\Java\jre1.8.0_271\bin\jdwp.dll
0x00007ffd29f70000 - 0x00007ffd29f79000 	C:\Program Files\Java\jre1.8.0_271\bin\npt.dll
0x00007ffd19920000 - 0x00007ffd19950000 	C:\Program Files\Java\jre1.8.0_271\bin\instrument.dll
0x00007ffd2a590000 - 0x00007ffd2a5a8000 	C:\Program Files\Java\jre1.8.0_271\bin\zip.dll
0x00007ffd2ffb0000 - 0x00007ffd30697000 	C:\WINDOWS\System32\SHELL32.dll
0x00007ffd2ff00000 - 0x00007ffd2ffa9000 	C:\WINDOWS\System32\shcore.dll
0x00007ffd2deb0000 - 0x00007ffd2e631000 	C:\WINDOWS\System32\windows.storage.dll
0x00007ffd2dd50000 - 0x00007ffd2dd73000 	C:\WINDOWS\System32\profapi.dll
0x00007ffd2dd80000 - 0x00007ffd2ddca000 	C:\WINDOWS\System32\powrprof.dll
0x00007ffd2dd20000 - 0x00007ffd2dd30000 	C:\WINDOWS\System32\UMPDC.dll
0x00007ffd30940000 - 0x00007ffd30992000 	C:\WINDOWS\System32\shlwapi.dll
0x00007ffd2ed90000 - 0x00007ffd2eda7000 	C:\WINDOWS\System32\cryptsp.dll
0x00007ffd1d3d0000 - 0x00007ffd1d3da000 	C:\Program Files\Java\jre1.8.0_271\bin\dt_socket.dll
0x00007ffd1bd10000 - 0x00007ffd1bd26000 	C:\WINDOWS\system32\napinsp.dll
0x00007ffd1bcf0000 - 0x00007ffd1bd0a000 	C:\WINDOWS\system32\pnrpnsp.dll
0x00007ffd1bac0000 - 0x00007ffd1bad5000 	C:\WINDOWS\system32\wshbth.dll
0x00007ffd2a540000 - 0x00007ffd2a55c000 	C:\WINDOWS\system32\NLAapi.dll
0x00007ffd2d280000 - 0x00007ffd2d2ba000 	C:\WINDOWS\SYSTEM32\IPHLPAPI.DLL
0x00007ffd2d570000 - 0x00007ffd2d5d7000 	C:\WINDOWS\System32\mswsock.dll
0x00007ffd2d2c0000 - 0x00007ffd2d38b000 	C:\WINDOWS\SYSTEM32\DNSAPI.dll
0x00007ffd2fef0000 - 0x00007ffd2fef8000 	C:\WINDOWS\System32\NSI.dll
0x00007ffd1bcb0000 - 0x00007ffd1bcbe000 	C:\WINDOWS\System32\winrnr.dll
0x00007ffd27020000 - 0x00007ffd27097000 	C:\WINDOWS\System32\fwpuclnt.dll
0x00007ffd2ddf0000 - 0x00007ffd2de16000 	C:\WINDOWS\System32\bcrypt.dll
0x00007ffd20d90000 - 0x00007ffd20d9a000 	C:\Windows\System32\rasadhlp.dll
0x00007ffd1c700000 - 0x00007ffd1c8f4000 	C:\WINDOWS\SYSTEM32\dbghelp.dll

VM Arguments:
jvm_args: -agentlib:jdwp=transport=dt_socket,suspend=y,address=localhost:63529 -javaagent:C:\Users\smhrd\Desktop\java_study\eclipse-jee-2020-06-R-win32-x86_64\eclipse\configuration\org.eclipse.osgi\413\0\.cp\lib\javaagent-shaded.jar -Dfile.encoding=MS949 
java_command: Week2.week10
java_class_path (initial): C:\Users\smhrd\Desktop\java_study\workspace\배포용_문제\bin;C:\Users\smhrd\Desktop\java_study\eclipse-jee-2020-06-R-win32-x86_64\eclipse\configuration\org.eclipse.osgi\413\0\.cp\lib\javaagent-shaded.jar
Launcher Type: SUN_STANDARD

Environment Variables:
PATH=C:/Program Files/Java/jre1.8.0_271/bin/server;C:/Program Files/Java/jre1.8.0_271/bin;C:/Program Files/Java/jre1.8.0_271/lib/amd64;C:\Program Files (x86)\Common Files\Oracle\Java\javapath;C:\oraclexe\app\oracle\product\11.2.0\server\bin;;C:\WINDOWS\system32;C:\WINDOWS;C:\WINDOWS\System32\Wbem;C:\WINDOWS\System32\WindowsPowerShell\v1.0\;C:\WINDOWS\System32\OpenSSH\;C:\Users\smhrd\AppData\Local\Microsoft\WindowsApps;;C:\Users\smhrd\Desktop\java_study\eclipse-jee-2020-06-R-win32-x86_64\eclipse;
USERNAME=smhrd
OS=Windows_NT
PROCESSOR_IDENTIFIER=Intel64 Family 6 Model 158 Stepping 13, GenuineIntel



---------------  S Y S T E M  ---------------

OS: Windows 10.0 , 64 bit Build 18362 (10.0.18362.1110)

CPU:total 8 (initial active 8) (8 cores per cpu, 1 threads per core) family 6 model 158 stepping 13, cmov, cx8, fxsr, mmx, sse, sse2, sse3, ssse3, sse4.1, sse4.2, popcnt, avx, avx2, aes, clmul, erms, rtm, 3dnowpref, lzcnt, tsc, tscinvbit, bmi1, bmi2, adx

Memory: 4k page, physical 16710768k(11704156k free), swap 19201136k(10922096k free)

vm_info: Java HotSpot(TM) 64-Bit Server VM (25.271-b09) for windows-amd64 JRE (1.8.0_271-b09), built on Sep 16 2020 19:14:59 by "" with MS VC++ 15.9 (VS2017)

time: Thu Dec 24 18:26:16 2020
timezone: ´eCN¹I±¹ C￥AØ½A
elapsed time: 3830.257920 seconds (0d 1h 3m 50s)

